Request method:	POST
Request URI:	https://rahulshettyacademy.com/maps/api/place/add/json?key=qaclick123
Proxy:			<none>
Request params:	<none>
Query params:	key=qaclick123
Form params:	<none>
Path params:	<none>
Headers:		Accept=*/*
				Content-Type=application/json; charset=UTF-8
Cookies:		<none>
Multiparts:		<none>
Body:
{
    "accuracy": 50,
    "name": "Aspenwoods",
    "location": {
        "lat": 44.828336,
        "lng": -93.15011
    },
    "phone_number": "4085697807",
    "address": "1105 Duckwood trail",
    "types": [
        "apartment",
        "park"
    ],
    "website": "www.aspenwoodsapt.net",
    "language": "English"
}
HTTP/1.1 200 OK
Date: Sun, 24 May 2020 15:48:49 GMT
Server: Apache/2.4.18 (Ubuntu)
Access-Control-Allow-Origin: *
Access-Control-Allow-Methods: POST
Access-Control-Max-Age: 3600
Access-Control-Allow-Headers: Content-Type, Access-Control-Allow-Headers, Authorization, X-Requested-With
Content-Length: 194
Keep-Alive: timeout=5, max=100
Connection: Keep-Alive
Content-Type: application/json;charset=UTF-8

{
    "status": "OK",
    "place_id": "3d3b8b35c6842ee582b37b071f19fa0a",
    "scope": "APP",
    "reference": "5f2681c0dc34ab7a4a7c2627770155155f2681c0dc34ab7a4a7c262777015515",
    "id": "5f2681c0dc34ab7a4a7c262777015515"
}
Request method:	GET
Request URI:	https://rahulshettyacademy.com/maps/api/place/get/json?key=qaclick123&place_id=3d3b8b35c6842ee582b37b071f19fa0a
Proxy:			<none>
Request params:	<none>
Query params:	key=qaclick123
				place_id=3d3b8b35c6842ee582b37b071f19fa0a
Form params:	<none>
Path params:	<none>
Headers:		Accept=*/*
				Content-Type=application/json; charset=UTF-8
Cookies:		<none>
Multiparts:		<none>
Body:			<none>
HTTP/1.1 200 OK
Date: Sun, 24 May 2020 15:48:50 GMT
Server: Apache/2.4.18 (Ubuntu)
Access-Control-Allow-Origin: *
Access-Control-Allow-Methods: POST
Access-Control-Max-Age: 3600
Access-Control-Allow-Headers: Content-Type, Access-Control-Allow-Headers, Authorization, X-Requested-With
Content-Length: 237
Keep-Alive: timeout=5, max=100
Connection: Keep-Alive
Content-Type: application/json;charset=UTF-8

{
    "location": {
        "latitude": "44.828336",
        "longitude": "-93.15011"
    },
    "accuracy": "50",
    "name": "Aspenwoods",
    "phone_number": "4085697807",
    "address": "1105 Duckwood trail",
    "types": "apartment,park",
    "website": "www.aspenwoodsapt.net",
    "language": "English"
}
Request method:	POST
Request URI:	https://rahulshettyacademy.com/maps/api/place/add/json?key=qaclick123
Proxy:			<none>
Request params:	<none>
Query params:	key=qaclick123
Form params:	<none>
Path params:	<none>
Headers:		Accept=*/*
				Content-Type=application/json; charset=UTF-8
Cookies:		<none>
Multiparts:		<none>
Body:
{
    "accuracy": 50,
    "name": "StreetSmart",
    "location": {
        "lat": 44.828336,
        "lng": -93.15011
    },
    "phone_number": "4085697807",
    "address": "2520 Pilot Knob Rd",
    "types": [
        "apartment",
        "park"
    ],
    "website": "www.aspenwoodsapt.net",
    "language": "English"
}
HTTP/1.1 200 OK
Date: Sun, 24 May 2020 15:48:50 GMT
Server: Apache/2.4.18 (Ubuntu)
Access-Control-Allow-Origin: *
Access-Control-Allow-Methods: POST
Access-Control-Max-Age: 3600
Access-Control-Allow-Headers: Content-Type, Access-Control-Allow-Headers, Authorization, X-Requested-With
Content-Length: 194
Keep-Alive: timeout=5, max=100
Connection: Keep-Alive
Content-Type: application/json;charset=UTF-8

{
    "status": "OK",
    "place_id": "2393c0df045716e7bdb2cd12d2469f67",
    "scope": "APP",
    "reference": "7da0afdd2bef6d9494eb58427a39d72e7da0afdd2bef6d9494eb58427a39d72e",
    "id": "7da0afdd2bef6d9494eb58427a39d72e"
}
Request method:	GET
Request URI:	https://rahulshettyacademy.com/maps/api/place/get/json?key=qaclick123&place_id=2393c0df045716e7bdb2cd12d2469f67
Proxy:			<none>
Request params:	<none>
Query params:	key=qaclick123
				place_id=2393c0df045716e7bdb2cd12d2469f67
Form params:	<none>
Path params:	<none>
Headers:		Accept=*/*
				Content-Type=application/json; charset=UTF-8
Cookies:		<none>
Multiparts:		<none>
Body:			<none>
HTTP/1.1 200 OK
Date: Sun, 24 May 2020 15:48:51 GMT
Server: Apache/2.4.18 (Ubuntu)
Access-Control-Allow-Origin: *
Access-Control-Allow-Methods: POST
Access-Control-Max-Age: 3600
Access-Control-Allow-Headers: Content-Type, Access-Control-Allow-Headers, Authorization, X-Requested-With
Content-Length: 237
Keep-Alive: timeout=5, max=100
Connection: Keep-Alive
Content-Type: application/json;charset=UTF-8

{
    "location": {
        "latitude": "44.828336",
        "longitude": "-93.15011"
    },
    "accuracy": "50",
    "name": "StreetSmart",
    "phone_number": "4085697807",
    "address": "2520 Pilot Knob Rd",
    "types": "apartment,park",
    "website": "www.aspenwoodsapt.net",
    "language": "English"
}
Request method:	POST
Request URI:	https://rahulshettyacademy.com/maps/api/place/delete/json?key=qaclick123
Proxy:			<none>
Request params:	<none>
Query params:	key=qaclick123
Form params:	<none>
Path params:	<none>
Headers:		Accept=*/*
				Content-Type=application/json; charset=UTF-8
Cookies:		<none>
Multiparts:		<none>
Body:
{
    "place_id": "2393c0df045716e7bdb2cd12d2469f67"
}
HTTP/1.1 200 OK
Date: Sun, 24 May 2020 15:48:51 GMT
Server: Apache/2.4.18 (Ubuntu)
Access-Control-Allow-Origin: *
Access-Control-Allow-Methods: POST
Access-Control-Max-Age: 3600
Access-Control-Allow-Headers: Content-Type, Access-Control-Allow-Headers, Authorization, X-Requested-With
Content-Length: 15
Keep-Alive: timeout=5, max=100
Connection: Keep-Alive
Content-Type: application/json;charset=UTF-8

{
    "status": "OK"
}
